        -:    0:Source:dominion.c
        -:    0:Graph:dominion.gcno
        -:    0:Data:dominion.gcda
        -:    0:Runs:3
        -:    0:Programs:3
        -:    1:#include "dominion.h"
        -:    2:#include "dominion_helpers.h"
        -:    3:#include "rngs.h"
        -:    4:#include <stdio.h>
        -:    5:#include <math.h>
        -:    6:#include <stdlib.h>
        -:    7:
function compare called 20905 returned 100% blocks executed 100%
    20905:    8:int compare(const void* a, const void* b) {
    20905:    9:    if (*(int*)a > *(int*)b)
branch  0 taken 1% (fallthrough)
branch  1 taken 99%
       27:   10:        return 1;
    20878:   11:    if (*(int*)a < *(int*)b)
branch  0 taken 27% (fallthrough)
branch  1 taken 73%
     5585:   12:        return -1;
    15293:   13:    return 0;
        -:   14:}
        -:   15:
function newGame called 0 returned 0% blocks executed 0%
    #####:   16:struct gameState* newGame() {
    #####:   17:    struct gameState* g = malloc(sizeof(struct gameState));
    #####:   18:    return g;
        -:   19:}
        -:   20:
function kingdomCards called 0 returned 0% blocks executed 0%
    #####:   21:int* kingdomCards(int k1, int k2, int k3, int k4, int k5, int k6, int k7,
        -:   22:                  int k8, int k9, int k10) {
    #####:   23:    int* k = malloc(10 * sizeof(int));
    #####:   24:    k[0] = k1;
    #####:   25:    k[1] = k2;
    #####:   26:    k[2] = k3;
    #####:   27:    k[3] = k4;
    #####:   28:    k[4] = k5;
    #####:   29:    k[5] = k6;
    #####:   30:    k[6] = k7;
    #####:   31:    k[7] = k8;
    #####:   32:    k[8] = k9;
    #####:   33:    k[9] = k10;
    #####:   34:    return k;
        -:   35:}
        -:   36:
function initializeGame called 600 returned 100% blocks executed 95%
      600:   37:int initializeGame(int numPlayers, int kingdomCards[10], int randomSeed,
        -:   38:                   struct gameState *state) {
        -:   39:    int i;
        -:   40:    int j;
        -:   41:    int it;
        -:   42:
        -:   43:    //set up random number generator
      600:   44:    SelectStream(1);
call    0 returned 100%
      600:   45:    PutSeed((long)randomSeed);
call    0 returned 100%
        -:   46:
        -:   47:    //check number of players
      600:   48:    if (numPlayers > MAX_PLAYERS || numPlayers < 2)
branch  0 taken 100% (fallthrough)
branch  1 taken 0%
branch  2 taken 0% (fallthrough)
branch  3 taken 100%
        -:   49:    {
    #####:   50:        return -1;
        -:   51:    }
        -:   52:
        -:   53:    //set number of players
      600:   54:    state->numPlayers = numPlayers;
        -:   55:
        -:   56:    //check selected kingdom cards are different
     6600:   57:    for (i = 0; i < 10; i++)
branch  0 taken 91%
branch  1 taken 9% (fallthrough)
        -:   58:    {
    66000:   59:        for (j = 0; j < 10; j++)
branch  0 taken 91%
branch  1 taken 9% (fallthrough)
        -:   60:        {
    60000:   61:            if (j != i && kingdomCards[j] == kingdomCards[i])
branch  0 taken 90% (fallthrough)
branch  1 taken 10%
branch  2 taken 0% (fallthrough)
branch  3 taken 100%
        -:   62:            {
    #####:   63:                return -1;
        -:   64:            }
        -:   65:        }
        -:   66:    }
        -:   67:
        -:   68:
        -:   69:    //initialize supply
        -:   70:    ///////////////////////////////
        -:   71:
        -:   72:    //set number of Curse cards
      600:   73:    if (numPlayers == 2)
branch  0 taken 79% (fallthrough)
branch  1 taken 21%
        -:   74:    {
      473:   75:        state->supplyCount[curse] = 10;
        -:   76:    }
      127:   77:    else if (numPlayers == 3)
branch  0 taken 50% (fallthrough)
branch  1 taken 50%
        -:   78:    {
       64:   79:        state->supplyCount[curse] = 20;
        -:   80:    }
        -:   81:    else
        -:   82:    {
       63:   83:        state->supplyCount[curse] = 30;
        -:   84:    }
        -:   85:
        -:   86:    //set number of Victory cards
      600:   87:    if (numPlayers == 2)
branch  0 taken 79% (fallthrough)
branch  1 taken 21%
        -:   88:    {
      473:   89:        state->supplyCount[estate] = 8;
      473:   90:        state->supplyCount[duchy] = 8;
      473:   91:        state->supplyCount[province] = 8;
        -:   92:    }
        -:   93:    else
        -:   94:    {
      127:   95:        state->supplyCount[estate] = 12;
      127:   96:        state->supplyCount[duchy] = 12;
      127:   97:        state->supplyCount[province] = 12;
        -:   98:    }
        -:   99:
        -:  100:    //set number of Treasure cards
      600:  101:    state->supplyCount[copper] = 60 - (7 * numPlayers);
      600:  102:    state->supplyCount[silver] = 40;
      600:  103:    state->supplyCount[gold] = 30;
        -:  104:
        -:  105:    //set number of Kingdom cards
    12600:  106:    for (i = adventurer; i <= treasure_map; i++)       	//loop all cards
branch  0 taken 95%
branch  1 taken 5% (fallthrough)
        -:  107:    {
    99000:  108:        for (j = 0; j < 10; j++)           		//loop chosen cards
branch  0 taken 94%
branch  1 taken 6% (fallthrough)
        -:  109:        {
    93000:  110:            if (kingdomCards[j] == i)
branch  0 taken 6% (fallthrough)
branch  1 taken 94%
        -:  111:            {
        -:  112:                //check if card is a 'Victory' Kingdom card
     6000:  113:                if (kingdomCards[j] == great_hall || kingdomCards[j] == gardens)
branch  0 taken 90% (fallthrough)
branch  1 taken 10%
branch  2 taken 11% (fallthrough)
branch  3 taken 89%
        -:  114:                {
     2400:  115:                    if (numPlayers == 2) {
branch  0 taken 79% (fallthrough)
branch  1 taken 21%
      946:  116:                        state->supplyCount[i] = 8;
        -:  117:                    }
        -:  118:                    else {
      254:  119:                        state->supplyCount[i] = 12;
        -:  120:                    }
        -:  121:                }
        -:  122:                else
        -:  123:                {
     4800:  124:                    state->supplyCount[i] = 10;
        -:  125:                }
     6000:  126:                break;
        -:  127:            }
        -:  128:            else    //card is not in the set choosen for the game
        -:  129:            {
    87000:  130:                state->supplyCount[i] = -1;
        -:  131:            }
        -:  132:        }
        -:  133:
        -:  134:    }
        -:  135:
        -:  136:    ////////////////////////
        -:  137:    //supply intilization complete
        -:  138:
        -:  139:    //set player decks
     1990:  140:    for (i = 0; i < numPlayers; i++)
branch  0 taken 70%
branch  1 taken 30% (fallthrough)
        -:  141:    {
     1390:  142:        state->deckCount[i] = 0;
     5560:  143:        for (j = 0; j < 3; j++)
branch  0 taken 75%
branch  1 taken 25% (fallthrough)
        -:  144:        {
     4170:  145:            state->deck[i][j] = estate;
     4170:  146:            state->deckCount[i]++;
        -:  147:        }
    11120:  148:        for (j = 3; j < 10; j++)
branch  0 taken 88%
branch  1 taken 13% (fallthrough)
        -:  149:        {
     9730:  150:            state->deck[i][j] = copper;
     9730:  151:            state->deckCount[i]++;
        -:  152:        }
        -:  153:    }
        -:  154:
        -:  155:    //shuffle player decks
     1990:  156:    for (i = 0; i < numPlayers; i++)
branch  0 taken 70%
branch  1 taken 30% (fallthrough)
        -:  157:    {
     1390:  158:        if ( shuffle(i, state) < 0 )
call    0 returned 100%
branch  1 taken 0% (fallthrough)
branch  2 taken 100%
        -:  159:        {
    #####:  160:            return -1;
        -:  161:        }
        -:  162:    }
        -:  163:
        -:  164:    //draw player hands
     1990:  165:    for (i = 0; i < numPlayers; i++)
branch  0 taken 70%
branch  1 taken 30% (fallthrough)
        -:  166:    {
        -:  167:        //initialize hand size to zero
     1390:  168:        state->handCount[i] = 0;
     1390:  169:        state->discardCount[i] = 0;
        -:  170:        //draw 5 cards
        -:  171:        // for (j = 0; j < 5; j++)
        -:  172:        //	{
        -:  173:        //	  drawCard(i, state);
        -:  174:        //	}
        -:  175:    }
        -:  176:
        -:  177:    //set embargo tokens to 0 for all supply piles
    16800:  178:    for (i = 0; i <= treasure_map; i++)
branch  0 taken 96%
branch  1 taken 4% (fallthrough)
        -:  179:    {
    16200:  180:        state->embargoTokens[i] = 0;
        -:  181:    }
        -:  182:
        -:  183:    //initialize first player's turn
      600:  184:    state->outpostPlayed = 0;
      600:  185:    state->phase = 0;
      600:  186:    state->numActions = 1;
      600:  187:    state->numBuys = 1;
      600:  188:    state->playedCardCount = 0;
      600:  189:    state->whoseTurn = 0;
      600:  190:    state->handCount[state->whoseTurn] = 0;
        -:  191:    //int it; move to top
        -:  192:
        -:  193:    //Moved draw cards to here, only drawing at the start of a turn
     3600:  194:    for (it = 0; it < 5; it++) {
branch  0 taken 83%
branch  1 taken 17% (fallthrough)
     3000:  195:        drawCard(state->whoseTurn, state);
call    0 returned 100%
        -:  196:    }
        -:  197:
      600:  198:    updateCoins(state->whoseTurn, state, 0);
call    0 returned 100%
        -:  199:
      600:  200:    return 0;
        -:  201:}
        -:  202:
function shuffle called 1409 returned 100% blocks executed 94%
     1409:  203:int shuffle(int player, struct gameState *state) {
        -:  204:
        -:  205:
        -:  206:    int newDeck[MAX_DECK];
     1409:  207:    int newDeckPos = 0;
        -:  208:    int card;
        -:  209:    int i;
        -:  210:
     1409:  211:    if (state->deckCount[player] < 1)
branch  0 taken 0% (fallthrough)
branch  1 taken 100%
    #####:  212:        return -1;
     1409:  213:    qsort ((void*)(state->deck[player]), state->deckCount[player], sizeof(int), compare);
call    0 returned 100%
        -:  214:    /* SORT CARDS IN DECK TO ENSURE DETERMINISM! */
        -:  215:
    16775:  216:    while (state->deckCount[player] > 0) {
branch  0 taken 91%
branch  1 taken 9% (fallthrough)
    13957:  217:        card = floor(Random() * state->deckCount[player]);
call    0 returned 100%
    13957:  218:        newDeck[newDeckPos] = state->deck[player][card];
    13957:  219:        newDeckPos++;
    45903:  220:        for (i = card; i < state->deckCount[player]-1; i++) {
branch  0 taken 70%
branch  1 taken 30% (fallthrough)
    31946:  221:            state->deck[player][i] = state->deck[player][i+1];
        -:  222:        }
    13957:  223:        state->deckCount[player]--;
        -:  224:    }
    15366:  225:    for (i = 0; i < newDeckPos; i++) {
branch  0 taken 91%
branch  1 taken 9% (fallthrough)
    13957:  226:        state->deck[player][i] = newDeck[i];
    13957:  227:        state->deckCount[player]++;
        -:  228:    }
        -:  229:
     1409:  230:    return 0;
        -:  231:}
        -:  232:
function playCard called 0 returned 0% blocks executed 0%
    #####:  233:int playCard(int handPos, int choice1, int choice2, int choice3, struct gameState *state)
        -:  234:{
        -:  235:    int card;
    #####:  236:    int coin_bonus = 0; 		//tracks coins gain from actions
        -:  237:
        -:  238:    //check if it is the right phase
    #####:  239:    if (state->phase != 0)
branch  0 never executed
branch  1 never executed
        -:  240:    {
    #####:  241:        return -1;
        -:  242:    }
        -:  243:
        -:  244:    //check if player has enough actions
    #####:  245:    if ( state->numActions < 1 )
branch  0 never executed
branch  1 never executed
        -:  246:    {
    #####:  247:        return -1;
        -:  248:    }
        -:  249:
        -:  250:    //get card played
    #####:  251:    card = handCard(handPos, state);
call    0 never executed
        -:  252:
        -:  253:    //check if selected card is an action
    #####:  254:    if ( card < adventurer || card > treasure_map )
branch  0 never executed
branch  1 never executed
branch  2 never executed
branch  3 never executed
        -:  255:    {
    #####:  256:        return -1;
        -:  257:    }
        -:  258:
        -:  259:    //play card
    #####:  260:    if ( cardEffect(card, choice1, choice2, choice3, state, handPos, &coin_bonus) < 0 )
call    0 never executed
branch  1 never executed
branch  2 never executed
        -:  261:    {
    #####:  262:        return -1;
        -:  263:    }
        -:  264:
        -:  265:    //reduce number of actions
    #####:  266:    state->numActions--;
        -:  267:
        -:  268:    //update coins (Treasure cards may be added with card draws)
    #####:  269:    updateCoins(state->whoseTurn, state, coin_bonus);
call    0 never executed
        -:  270:
    #####:  271:    return 0;
        -:  272:}
        -:  273:
function buyCard called 0 returned 0% blocks executed 0%
    #####:  274:int buyCard(int supplyPos, struct gameState *state) {
        -:  275:    int who;
        -:  276:    if (DEBUG) {
        -:  277:        printf("Entering buyCard...\n");
        -:  278:    }
        -:  279:
        -:  280:    // I don't know what to do about the phase thing.
        -:  281:
    #####:  282:    who = state->whoseTurn;
        -:  283:
    #####:  284:    if (state->numBuys < 1) {
branch  0 never executed
branch  1 never executed
        -:  285:        if (DEBUG)
        -:  286:            printf("You do not have any buys left\n");
    #####:  287:        return -1;
    #####:  288:    } else if (supplyCount(supplyPos, state) <1) {
call    0 never executed
branch  1 never executed
branch  2 never executed
        -:  289:        if (DEBUG)
        -:  290:            printf("There are not any of that type of card left\n");
    #####:  291:        return -1;
    #####:  292:    } else if (state->coins < getCost(supplyPos)) {
call    0 never executed
branch  1 never executed
branch  2 never executed
        -:  293:        if (DEBUG)
        -:  294:            printf("You do not have enough money to buy that. You have %d coins.\n", state->coins);
    #####:  295:        return -1;
        -:  296:    } else {
    #####:  297:        state->phase=1;
        -:  298:        //state->supplyCount[supplyPos]--;
    #####:  299:        gainCard(supplyPos, state, 0, who); //card goes in discard, this might be wrong.. (2 means goes into hand, 0 goes into discard)
call    0 never executed
        -:  300:
    #####:  301:        state->coins = (state->coins) - (getCost(supplyPos));
call    0 never executed
    #####:  302:        state->numBuys--;
        -:  303:        if (DEBUG)
        -:  304:            printf("You bought card number %d for %d coins. You now have %d buys and %d coins.\n", supplyPos, getCost(supplyPos), state->numBuys, state->coins);
        -:  305:    }
        -:  306:
        -:  307:    //state->discard[who][state->discardCount[who]] = supplyPos;
        -:  308:    //state->discardCount[who]++;
        -:  309:
    #####:  310:    return 0;
        -:  311:}
        -:  312:
function numHandCards called 347 returned 100% blocks executed 100%
      347:  313:int numHandCards(struct gameState *state) {
      347:  314:    return state->handCount[ whoseTurn(state) ];
call    0 returned 100%
        -:  315:}
        -:  316:
function handCard called 0 returned 0% blocks executed 0%
    #####:  317:int handCard(int handPos, struct gameState *state) {
    #####:  318:    int currentPlayer = whoseTurn(state);
call    0 never executed
    #####:  319:    return state->hand[currentPlayer][handPos];
        -:  320:}
        -:  321:
function supplyCount called 273 returned 100% blocks executed 100%
      273:  322:int supplyCount(int card, struct gameState *state) {
      273:  323:    return state->supplyCount[card];
        -:  324:}
        -:  325:
function fullDeckCount called 0 returned 0% blocks executed 0%
    #####:  326:int fullDeckCount(int player, int card, struct gameState *state) {
        -:  327:    int i;
    #####:  328:    int count = 0;
        -:  329:
    #####:  330:    for (i = 0; i < state->deckCount[player]; i++)
branch  0 never executed
branch  1 never executed
        -:  331:    {
    #####:  332:        if (state->deck[player][i] == card) count++;
branch  0 never executed
branch  1 never executed
        -:  333:    }
        -:  334:
    #####:  335:    for (i = 0; i < state->handCount[player]; i++)
branch  0 never executed
branch  1 never executed
        -:  336:    {
    #####:  337:        if (state->hand[player][i] == card) count++;
branch  0 never executed
branch  1 never executed
        -:  338:    }
        -:  339:
    #####:  340:    for (i = 0; i < state->discardCount[player]; i++)
branch  0 never executed
branch  1 never executed
        -:  341:    {
    #####:  342:        if (state->discard[player][i] == card) count++;
branch  0 never executed
branch  1 never executed
        -:  343:    }
        -:  344:
    #####:  345:    return count;
        -:  346:}
        -:  347:
function whoseTurn called 347 returned 100% blocks executed 100%
      347:  348:int whoseTurn(struct gameState *state) {
      347:  349:    return state->whoseTurn;
        -:  350:}
        -:  351:
function endTurn called 0 returned 0% blocks executed 0%
    #####:  352:int endTurn(struct gameState *state) {
        -:  353:    int k;
        -:  354:    int i;
    #####:  355:    int currentPlayer = whoseTurn(state);
call    0 never executed
        -:  356:
        -:  357:    //Discard hand
    #####:  358:    for (i = 0; i < state->handCount[currentPlayer]; i++) {
branch  0 never executed
branch  1 never executed
    #####:  359:        state->discard[currentPlayer][state->discardCount[currentPlayer]++] = state->hand[currentPlayer][i];//Discard
    #####:  360:        state->hand[currentPlayer][i] = -1;//Set card to -1
        -:  361:    }
    #####:  362:    state->handCount[currentPlayer] = 0;//Reset hand count
        -:  363:
        -:  364:    //Code for determining the player
    #####:  365:    if (currentPlayer < (state->numPlayers - 1)) {
branch  0 never executed
branch  1 never executed
    #####:  366:        state->whoseTurn = currentPlayer + 1;//Still safe to increment
        -:  367:    }
        -:  368:    else {
    #####:  369:        state->whoseTurn = 0;//Max player has been reached, loop back around to player 1
        -:  370:    }
        -:  371:
    #####:  372:    state->outpostPlayed = 0;
    #####:  373:    state->phase = 0;
    #####:  374:    state->numActions = 1;
    #####:  375:    state->coins = 0;
    #####:  376:    state->numBuys = 1;
    #####:  377:    state->playedCardCount = 0;
    #####:  378:    state->handCount[state->whoseTurn] = 0;
        -:  379:
        -:  380:    //int k; move to top
        -:  381:    //Next player draws hand
    #####:  382:    for (k = 0; k < 5; k++) {
branch  0 never executed
branch  1 never executed
    #####:  383:        drawCard(state->whoseTurn, state);//Draw a card
call    0 never executed
        -:  384:    }
        -:  385:
        -:  386:    //Update money
    #####:  387:    updateCoins(state->whoseTurn, state, 0);
call    0 never executed
        -:  388:
    #####:  389:    return 0;
        -:  390:}
        -:  391:
function isGameOver called 0 returned 0% blocks executed 0%
    #####:  392:int isGameOver(struct gameState *state) {
        -:  393:    int i;
        -:  394:    int j;
        -:  395:
        -:  396:    //if stack of Province cards is empty, the game ends
    #####:  397:    if (state->supplyCount[province] == 0)
branch  0 never executed
branch  1 never executed
        -:  398:    {
    #####:  399:        return 1;
        -:  400:    }
        -:  401:
        -:  402:    //if three supply pile are at 0, the game ends
    #####:  403:    j = 0;
    #####:  404:    for (i = 0; i < 25; i++)
branch  0 never executed
branch  1 never executed
        -:  405:    {
    #####:  406:        if (state->supplyCount[i] == 0)
branch  0 never executed
branch  1 never executed
        -:  407:        {
    #####:  408:            j++;
        -:  409:        }
        -:  410:    }
    #####:  411:    if ( j >= 3)
branch  0 never executed
branch  1 never executed
        -:  412:    {
    #####:  413:        return 1;
        -:  414:    }
        -:  415:
    #####:  416:    return 0;
        -:  417:}
        -:  418:
function scoreFor called 0 returned 0% blocks executed 0%
    #####:  419:int scoreFor (int player, struct gameState *state) {
        -:  420:
        -:  421:    int i;
    #####:  422:    int score = 0;
        -:  423:    //score from hand
    #####:  424:    for (i = 0; i < state->handCount[player]; i++)
branch  0 never executed
branch  1 never executed
        -:  425:    {
    #####:  426:        if (state->hand[player][i] == curse) {
branch  0 never executed
branch  1 never executed
    #####:  427:            score = score - 1;
        -:  428:        };
    #####:  429:        if (state->hand[player][i] == estate) {
branch  0 never executed
branch  1 never executed
    #####:  430:            score = score + 1;
        -:  431:        };
    #####:  432:        if (state->hand[player][i] == duchy) {
branch  0 never executed
branch  1 never executed
    #####:  433:            score = score + 3;
        -:  434:        };
    #####:  435:        if (state->hand[player][i] == province) {
branch  0 never executed
branch  1 never executed
    #####:  436:            score = score + 6;
        -:  437:        };
    #####:  438:        if (state->hand[player][i] == great_hall) {
branch  0 never executed
branch  1 never executed
    #####:  439:            score = score + 1;
        -:  440:        };
    #####:  441:        if (state->hand[player][i] == gardens) {
branch  0 never executed
branch  1 never executed
    #####:  442:            score = score + ( fullDeckCount(player, 0, state) / 10 );
call    0 never executed
        -:  443:        };
        -:  444:    }
        -:  445:
        -:  446:    //score from discard
    #####:  447:    for (i = 0; i < state->discardCount[player]; i++)
branch  0 never executed
branch  1 never executed
        -:  448:    {
    #####:  449:        if (state->discard[player][i] == curse) {
branch  0 never executed
branch  1 never executed
    #####:  450:            score = score - 1;
        -:  451:        };
    #####:  452:        if (state->discard[player][i] == estate) {
branch  0 never executed
branch  1 never executed
    #####:  453:            score = score + 1;
        -:  454:        };
    #####:  455:        if (state->discard[player][i] == duchy) {
branch  0 never executed
branch  1 never executed
    #####:  456:            score = score + 3;
        -:  457:        };
    #####:  458:        if (state->discard[player][i] == province) {
branch  0 never executed
branch  1 never executed
    #####:  459:            score = score + 6;
        -:  460:        };
    #####:  461:        if (state->discard[player][i] == great_hall) {
branch  0 never executed
branch  1 never executed
    #####:  462:            score = score + 1;
        -:  463:        };
    #####:  464:        if (state->discard[player][i] == gardens) {
branch  0 never executed
branch  1 never executed
    #####:  465:            score = score + ( fullDeckCount(player, 0, state) / 10 );
call    0 never executed
        -:  466:        };
        -:  467:    }
        -:  468:
        -:  469:    //score from deck
    #####:  470:    for (i = 0; i < state->discardCount[player]; i++)
branch  0 never executed
branch  1 never executed
        -:  471:    {
    #####:  472:        if (state->deck[player][i] == curse) {
branch  0 never executed
branch  1 never executed
    #####:  473:            score = score - 1;
        -:  474:        };
    #####:  475:        if (state->deck[player][i] == estate) {
branch  0 never executed
branch  1 never executed
    #####:  476:            score = score + 1;
        -:  477:        };
    #####:  478:        if (state->deck[player][i] == duchy) {
branch  0 never executed
branch  1 never executed
    #####:  479:            score = score + 3;
        -:  480:        };
    #####:  481:        if (state->deck[player][i] == province) {
branch  0 never executed
branch  1 never executed
    #####:  482:            score = score + 6;
        -:  483:        };
    #####:  484:        if (state->deck[player][i] == great_hall) {
branch  0 never executed
branch  1 never executed
    #####:  485:            score = score + 1;
        -:  486:        };
    #####:  487:        if (state->deck[player][i] == gardens) {
branch  0 never executed
branch  1 never executed
    #####:  488:            score = score + ( fullDeckCount(player, 0, state) / 10 );
call    0 never executed
        -:  489:        };
        -:  490:    }
        -:  491:
    #####:  492:    return score;
        -:  493:}
        -:  494:
function getWinners called 0 returned 0% blocks executed 0%
    #####:  495:int getWinners(int players[MAX_PLAYERS], struct gameState *state) {
        -:  496:    int i;
        -:  497:    int j;
        -:  498:    int highScore;
        -:  499:    int currentPlayer;
        -:  500:
        -:  501:    //get score for each player
    #####:  502:    for (i = 0; i < MAX_PLAYERS; i++)
branch  0 never executed
branch  1 never executed
        -:  503:    {
        -:  504:        //set unused player scores to -9999
    #####:  505:        if (i >= state->numPlayers)
branch  0 never executed
branch  1 never executed
        -:  506:        {
    #####:  507:            players[i] = -9999;
        -:  508:        }
        -:  509:        else
        -:  510:        {
    #####:  511:            players[i] = scoreFor (i, state);
call    0 never executed
        -:  512:        }
        -:  513:    }
        -:  514:
        -:  515:    //find highest score
    #####:  516:    j = 0;
    #####:  517:    for (i = 0; i < MAX_PLAYERS; i++)
branch  0 never executed
branch  1 never executed
        -:  518:    {
    #####:  519:        if (players[i] > players[j])
branch  0 never executed
branch  1 never executed
        -:  520:        {
    #####:  521:            j = i;
        -:  522:        }
        -:  523:    }
    #####:  524:    highScore = players[j];
        -:  525:
        -:  526:    //add 1 to players who had less turns
    #####:  527:    currentPlayer = whoseTurn(state);
call    0 never executed
    #####:  528:    for (i = 0; i < MAX_PLAYERS; i++)
branch  0 never executed
branch  1 never executed
        -:  529:    {
    #####:  530:        if ( players[i] == highScore && i > currentPlayer )
branch  0 never executed
branch  1 never executed
branch  2 never executed
branch  3 never executed
        -:  531:        {
    #####:  532:            players[i]++;
        -:  533:        }
        -:  534:    }
        -:  535:
        -:  536:    //find new highest score
    #####:  537:    j = 0;
    #####:  538:    for (i = 0; i < MAX_PLAYERS; i++)
branch  0 never executed
branch  1 never executed
        -:  539:    {
    #####:  540:        if ( players[i] > players[j] )
branch  0 never executed
branch  1 never executed
        -:  541:        {
    #####:  542:            j = i;
        -:  543:        }
        -:  544:    }
    #####:  545:    highScore = players[j];
        -:  546:
        -:  547:    //set winners in array to 1 and rest to 0
    #####:  548:    for (i = 0; i < MAX_PLAYERS; i++)
branch  0 never executed
branch  1 never executed
        -:  549:    {
    #####:  550:        if ( players[i] == highScore )
branch  0 never executed
branch  1 never executed
        -:  551:        {
    #####:  552:            players[i] = 1;
        -:  553:        }
        -:  554:        else
        -:  555:        {
    #####:  556:            players[i] = 0;
        -:  557:        }
        -:  558:    }
        -:  559:
    #####:  560:    return 0;
        -:  561:}
        -:  562:
function drawCard called 3719 returned 100% blocks executed 38%
     3719:  563:int drawCard(int player, struct gameState *state)
        -:  564:{   int count;
        -:  565:    int deckCounter;
     3719:  566:    if (state->deckCount[player] <= 0) { //Deck is empty
branch  0 taken 0% (fallthrough)
branch  1 taken 100%
        -:  567:
        -:  568:        //Step 1 Shuffle the discard pile back into a deck
        -:  569:        int i;
        -:  570:        //Move discard to deck
    #####:  571:        for (i = 0; i < state->discardCount[player]; i++) {
branch  0 never executed
branch  1 never executed
    #####:  572:            state->deck[player][i] = state->discard[player][i];
    #####:  573:            state->discard[player][i] = -1;
        -:  574:        }
        -:  575:
    #####:  576:        state->deckCount[player] = state->discardCount[player];
    #####:  577:        state->discardCount[player] = 0;//Reset discard
        -:  578:
        -:  579:        //Shufffle the deck
    #####:  580:        shuffle(player, state);//Shuffle the deck up and make it so that we can draw
call    0 never executed
        -:  581:
        -:  582:        if (DEBUG) { //Debug statements
        -:  583:            printf("Deck count now: %d\n", state->deckCount[player]);
        -:  584:        }
        -:  585:
    #####:  586:        state->discardCount[player] = 0;
        -:  587:
        -:  588:        //Step 2 Draw Card
    #####:  589:        count = state->handCount[player];//Get current player's hand count
        -:  590:
        -:  591:        if (DEBUG) { //Debug statements
        -:  592:            printf("Current hand count: %d\n", count);
        -:  593:        }
        -:  594:
    #####:  595:        deckCounter = state->deckCount[player];//Create a holder for the deck count
        -:  596:
    #####:  597:        if (deckCounter == 0)
branch  0 never executed
branch  1 never executed
    #####:  598:            return -1;
        -:  599:
    #####:  600:        state->hand[player][count] = state->deck[player][deckCounter - 1];//Add card to hand
    #####:  601:        state->deckCount[player]--;
    #####:  602:        state->handCount[player]++;//Increment hand count
        -:  603:    }
        -:  604:
        -:  605:    else {
     3719:  606:        int count = state->handCount[player];//Get current hand count for player
        -:  607:        int deckCounter;
        -:  608:        if (DEBUG) { //Debug statements
        -:  609:            printf("Current hand count: %d\n", count);
        -:  610:        }
        -:  611:
     3719:  612:        deckCounter = state->deckCount[player];//Create holder for the deck count
     3719:  613:        state->hand[player][count] = state->deck[player][deckCounter - 1];//Add card to the hand
     3719:  614:        state->deckCount[player]--;
     3719:  615:        state->handCount[player]++;//Increment hand count
        -:  616:    }
        -:  617:
     3719:  618:    return 0;
        -:  619:}
        -:  620:
function getCost called 0 returned 0% blocks executed 0%
    #####:  621:int getCost(int cardNumber)
        -:  622:{
    #####:  623:    switch( cardNumber )
branch  0 never executed
branch  1 never executed
branch  2 never executed
branch  3 never executed
branch  4 never executed
branch  5 never executed
branch  6 never executed
branch  7 never executed
branch  8 never executed
branch  9 never executed
branch 10 never executed
branch 11 never executed
branch 12 never executed
branch 13 never executed
branch 14 never executed
branch 15 never executed
branch 16 never executed
branch 17 never executed
branch 18 never executed
branch 19 never executed
branch 20 never executed
branch 21 never executed
branch 22 never executed
branch 23 never executed
branch 24 never executed
branch 25 never executed
branch 26 never executed
branch 27 never executed
        -:  624:    {
    #####:  625:    case curse:
    #####:  626:        return 0;
    #####:  627:    case estate:
    #####:  628:        return 2;
    #####:  629:    case duchy:
    #####:  630:        return 5;
    #####:  631:    case province:
    #####:  632:        return 8;
    #####:  633:    case copper:
    #####:  634:        return 0;
    #####:  635:    case silver:
    #####:  636:        return 3;
    #####:  637:    case gold:
    #####:  638:        return 6;
    #####:  639:    case adventurer:
    #####:  640:        return 6;
    #####:  641:    case council_room:
    #####:  642:        return 5;
    #####:  643:    case feast:
    #####:  644:        return 4;
    #####:  645:    case gardens:
    #####:  646:        return 4;
    #####:  647:    case mine:
    #####:  648:        return 5;
    #####:  649:    case remodel:
    #####:  650:        return 4;
    #####:  651:    case smithy:
    #####:  652:        return 4;
    #####:  653:    case village:
    #####:  654:        return 3;
    #####:  655:    case baron:
    #####:  656:        return 4;
    #####:  657:    case great_hall:
    #####:  658:        return 3;
    #####:  659:    case minion:
    #####:  660:        return 5;
    #####:  661:    case steward:
    #####:  662:        return 3;
    #####:  663:    case tribute:
    #####:  664:        return 5;
    #####:  665:    case ambassador:
    #####:  666:        return 3;
    #####:  667:    case cutpurse:
    #####:  668:        return 4;
    #####:  669:    case embargo:
    #####:  670:        return 2;
    #####:  671:    case outpost:
    #####:  672:        return 5;
    #####:  673:    case salvager:
    #####:  674:        return 4;
    #####:  675:    case sea_hag:
    #####:  676:        return 4;
    #####:  677:    case treasure_map:
    #####:  678:        return 4;
        -:  679:    }
        -:  680:
    #####:  681:    return -1;
        -:  682:}
function baronCardEffect called 200 returned 100% blocks executed 92%
      200:  683:int baronCardEffect( int choice1, int currentPlayer, struct gameState *state){
      200:  684:state->numBuys++;//Increase buys by 1!
      200:  685:        if (choice1 > 0) { //Boolean true or going to discard an estate
branch  0 taken 56% (fallthrough)
branch  1 taken 44%
      112:  686:            int p = 0;//Iterator for hand!
      112:  687:            int card_not_discarded = 1;//Flag for discard set!
      960:  688:            while(card_not_discarded) {
branch  0 taken 87%
branch  1 taken 13% (fallthrough)
        -:  689:
        -:  690:				// ADDED THE BUG, CHANGED == to != BELOW
      736:  691:                if (state->hand[currentPlayer][p] == estate) { //Found an estate card!
branch  0 taken 8% (fallthrough)
branch  1 taken 92%
       61:  692:                    state->coins += 4;//Add 4 coins to the amount of coins
       61:  693:                    state->discard[currentPlayer][state->discardCount[currentPlayer]] = state->hand[currentPlayer][p];
       61:  694:                    state->discardCount[currentPlayer]++;
      116:  695:                    for (; p < state->handCount[currentPlayer]; p++) {
branch  0 taken 47%
branch  1 taken 53% (fallthrough)
       55:  696:                        state->hand[currentPlayer][p] = state->hand[currentPlayer][p+1];
        -:  697:                    }
       61:  698:                    state->hand[currentPlayer][state->handCount[currentPlayer]] = -1;
       61:  699:                    state->handCount[currentPlayer]--;
       61:  700:                    card_not_discarded = 0;//Exit the loop
        -:  701:                }
      675:  702:                else if (p > state->handCount[currentPlayer]) {
branch  0 taken 8% (fallthrough)
branch  1 taken 92%
        -:  703:                    if(DEBUG) {
        -:  704:                        printf("No estate cards in your hand, invalid choice\n");
        -:  705:                        printf("Must gain an estate if there are any\n");
        -:  706:                    }
       51:  707:                    if (supplyCount(estate, state) > 0) {
call    0 returned 100%
branch  1 taken 59% (fallthrough)
branch  2 taken 41%
       30:  708:                        gainCard(estate, state, 0, currentPlayer);
call    0 returned 100%
        -:  709:
       30:  710:                        state->supplyCount[estate]--;//Decrement estates
       30:  711:                        if (supplyCount(estate, state) == 0) {
call    0 returned 100%
branch  1 taken 0% (fallthrough)
branch  2 taken 100%
    #####:  712:                            isGameOver(state);
call    0 never executed
        -:  713:                        }
        -:  714:                    }
       51:  715:                    card_not_discarded = 0;//Exit the loop
        -:  716:                }
        -:  717:
        -:  718:                else {
      624:  719:                    p++;//Next card
        -:  720:                }
        -:  721:            }
        -:  722:        }
        -:  723:
        -:  724:        else {
       88:  725:            if (supplyCount(estate, state) > 0) {
call    0 returned 100%
branch  1 taken 42% (fallthrough)
branch  2 taken 58%
       37:  726:                gainCard(estate, state, 0, currentPlayer);//Gain an estate
call    0 returned 100%
        -:  727:				// ADDED BUG, CHANGED -- to ++
       37:  728:                state->supplyCount[estate]++;//Decrement Estates
       37:  729:                if (supplyCount(estate, state) == 0) {
call    0 returned 100%
branch  1 taken 0% (fallthrough)
branch  2 taken 100%
    #####:  730:                    isGameOver(state);
call    0 never executed
        -:  731:                }
        -:  732:            }
        -:  733:        }
        -:  734:
        -:  735:
      200:  736:        return 0;
        -:  737:}
function minionEffect called 200 returned 100% blocks executed 100%
      200:  738:int minionEffect(int choice1, int choice2, int currentPlayer, struct gameState *state, int handPos){
        -:  739:		int i;
        -:  740:		int j;
        -:  741:		//+1 action
      200:  742:        state->numActions++;
        -:  743:
        -:  744:        //discard card from hand
      200:  745:        discardCard(handPos, currentPlayer, state, 0);
call    0 returned 100%
        -:  746:
      200:  747:		if (choice1)
branch  0 taken 47% (fallthrough)
branch  1 taken 53%
        -:  748:        {
       94:  749:            state->coins = state->coins + 2;
        -:  750:        }
      106:  751:        else if (choice2)		//discard hand, redraw 4, other players with 5+ cards discard hand and draw 4
branch  0 taken 63% (fallthrough)
branch  1 taken 37%
        -:  752:        {
        -:  753:            //discard hand
      414:  754:            while(numHandCards(state) > 0)
call    0 returned 100%
branch  1 taken 81%
branch  2 taken 19% (fallthrough)
        -:  755:            {
      280:  756:                discardCard(handPos, currentPlayer, state, 0);
call    0 returned 100%
        -:  757:            }
        -:  758:
        -:  759:            //draw 4
        -:  760:			//ADDED BUG, CHANGED 4 to 3
      268:  761:            for (i = 0; i < 3; i++)
branch  0 taken 75%
branch  1 taken 25% (fallthrough)
        -:  762:            {
      201:  763:                drawCard(currentPlayer, state);
call    0 returned 100%
        -:  764:            }
        -:  765:
        -:  766:            //other players discard hand and redraw if hand size > 4
        -:  767:			//ADDED BUG, LOOP COUNTING FROM 1, NOT 0
      197:  768:            for (i = 1; i < state->numPlayers; i++)
branch  0 taken 66%
branch  1 taken 34% (fallthrough)
        -:  769:            {
      130:  770:                if (i != currentPlayer)
branch  0 taken 100% (fallthrough)
branch  1 taken 0%
        -:  771:                {
      130:  772:                    if ( state->handCount[i] > 4 )
branch  0 taken 54% (fallthrough)
branch  1 taken 46%
        -:  773:                    {
        -:  774:                        //discard hand
      637:  775:                        while( state->handCount[i] > 0 )
branch  0 taken 88%
branch  1 taken 12% (fallthrough)
        -:  776:                        {
      497:  777:                            discardCard(handPos, i, state, 0);
call    0 returned 100%
        -:  778:                        }
        -:  779:
        -:  780:                        //draw 4
      350:  781:                        for (j = 0; j < 4; j++)
branch  0 taken 80%
branch  1 taken 20% (fallthrough)
        -:  782:                        {
      280:  783:                            drawCard(i, state);
call    0 returned 100%
        -:  784:                        }
        -:  785:                    }
        -:  786:                }
        -:  787:            }
        -:  788:
        -:  789:        }
      200:  790:        return 0;
        -:  791:}
        -:  792:
function ambassadorEffect called 0 returned 0% blocks executed 0%
    #####:  793:int ambassadorEffect(int choice1, int choice2, int currentPlayer, struct gameState *state, int handPos)
        -:  794:{
        -:  795:     int i;
        -:  796:	 int j;
        -:  797:
    #####:  798:	 j = 0;		//used to check if player has enough cards to discard
        -:  799:		
        -:  800:		//ADDED BUG, FROM OR TO AND
    #####:  801:        if (choice2 > 2 && choice2 < 0)
branch  0 never executed
branch  1 never executed
branch  2 never executed
branch  3 never executed
        -:  802:        {
    #####:  803:            return -1;
        -:  804:        }
        -:  805:
    #####:  806:        if (choice1 == handPos)
branch  0 never executed
branch  1 never executed
        -:  807:        {
    #####:  808:            return -1;
        -:  809:        }
        -:  810:
    #####:  811:        for (i = 0; i < state->handCount[currentPlayer]; i++)
branch  0 never executed
branch  1 never executed
        -:  812:        {
    #####:  813:            if (i != handPos && i == state->hand[currentPlayer][choice1] && i != choice1)
branch  0 never executed
branch  1 never executed
branch  2 never executed
branch  3 never executed
branch  4 never executed
branch  5 never executed
        -:  814:            {
    #####:  815:                j++;
        -:  816:            }
        -:  817:        }
    #####:  818:        if (j < choice2)
branch  0 never executed
branch  1 never executed
        -:  819:        {
    #####:  820:            return -1;
        -:  821:        }
        -:  822:
        -:  823:        if (DEBUG)
        -:  824:            printf("Player %d reveals card number: %d\n", currentPlayer, state->hand[currentPlayer][choice1]);
        -:  825:
        -:  826:        //increase supply count for choosen card by amount being discarded
    #####:  827:        state->supplyCount[state->hand[currentPlayer][choice1]] += choice2;
        -:  828:
        -:  829:        //each other player gains a copy of revealed card
    #####:  830:        for (i = 0; i < state->numPlayers; i++)
branch  0 never executed
branch  1 never executed
        -:  831:        {
    #####:  832:            if (i != currentPlayer)
branch  0 never executed
branch  1 never executed
        -:  833:            {
    #####:  834:                gainCard(state->hand[currentPlayer][choice1], state, 0, i);
call    0 never executed
        -:  835:            }
        -:  836:        }
        -:  837:
        -:  838:        //discard played card from hand
    #####:  839:        discardCard(handPos, currentPlayer, state, 0);
call    0 never executed
        -:  840:
        -:  841:        //trash copies of cards returned to supply
        -:  842:		//ADDED BUG, NOT COUNTING FROM 0
    #####:  843:        for (j = choice2; j < choice2; j++)
branch  0 never executed
branch  1 never executed
        -:  844:        {
    #####:  845:            for (i = 0; i < state->handCount[currentPlayer]; i++)
branch  0 never executed
branch  1 never executed
        -:  846:            {
    #####:  847:                if (state->hand[currentPlayer][i] == state->hand[currentPlayer][choice1])
branch  0 never executed
branch  1 never executed
        -:  848:                {
    #####:  849:                    discardCard(i, currentPlayer, state, 1);
call    0 never executed
    #####:  850:                    break;
        -:  851:                }
        -:  852:            }
        -:  853:        }
        -:  854:
    #####:  855:        return 0;
        -:  856:}
        -:  857:
function mineEffect called 0 returned 0% blocks executed 0%
    #####:  858:int mineEffect(int choice1, int choice2, int currentPlayer, struct gameState *state, int handPos){
        -:  859:	int i;
        -:  860:	int j;
    #####:  861: 	j = state->hand[currentPlayer][choice1];  //store card we will trash
        -:  862:		
        -:  863:		//ADDED BUG, IT WAS <
    #####:  864:        if (state->hand[currentPlayer][choice1] <= copper || state->hand[currentPlayer][choice1] > gold)
branch  0 never executed
branch  1 never executed
branch  2 never executed
branch  3 never executed
        -:  865:        {
    #####:  866:            return -1;
        -:  867:        }
        -:  868:
    #####:  869:        if (choice2 > treasure_map || choice2 < curse)
branch  0 never executed
branch  1 never executed
branch  2 never executed
branch  3 never executed
        -:  870:        {
    #####:  871:            return -1;
        -:  872:        }
        -:  873:
    #####:  874:        if ( (getCost(state->hand[currentPlayer][choice1]) + 3) > getCost(choice2) )
call    0 never executed
call    1 never executed
branch  2 never executed
branch  3 never executed
        -:  875:        {
    #####:  876:            return -1;
        -:  877:        }
        -:  878:
    #####:  879:        gainCard(choice2, state, 2, currentPlayer);
call    0 never executed
        -:  880:
        -:  881:        //discard card from hand
    #####:  882:        discardCard(handPos, currentPlayer, state, 0);
call    0 never executed
        -:  883:
        -:  884:        //discard trashed card
        -:  885:		//ADDED BUG, IT WAS LESS THAN
    #####:  886:        for (i = 0; i <= state->handCount[currentPlayer]; i++)
branch  0 never executed
branch  1 never executed
        -:  887:        {
    #####:  888:            if (state->hand[currentPlayer][i] == j)
branch  0 never executed
branch  1 never executed
        -:  889:            {
    #####:  890:                discardCard(i, currentPlayer, state, 0);
call    0 never executed
    #####:  891:                break;
        -:  892:            }
        -:  893:        }
        -:  894:
    #####:  895:        return 0;
        -:  896:
        -:  897:}
function tributeEffect called 200 returned 100% blocks executed 100%
      200:  898:int tributeEffect(int currentPlayer, int nextPlayer, struct gameState *state)
        -:  899:{
        -:  900:	int i;
        -:  901:	// int tributeRevealedCards[1] = {-1};
      200:  902:	int tributeRevealedCards[2] = { -1, -1 };
        -:  903:
      200:  904:	if ((state->discardCount[nextPlayer] + state->deckCount[nextPlayer]) <= 1) {
branch  0 taken 3% (fallthrough)
branch  1 taken 98%
        5:  905:		if (state->deckCount[nextPlayer] > 0) {
branch  0 taken 20% (fallthrough)
branch  1 taken 80%
        1:  906:			tributeRevealedCards[0] = state->deck[nextPlayer][state->deckCount[nextPlayer] - 1];
        1:  907:			state->deckCount[nextPlayer]--;
        -:  908:		}
        4:  909:		else if (state->discardCount[nextPlayer] > 0) {
branch  0 taken 75% (fallthrough)
branch  1 taken 25%
        3:  910:			tributeRevealedCards[0] = state->discard[nextPlayer][state->discardCount[nextPlayer] - 1];
        3:  911:			state->discardCount[nextPlayer]--;
        -:  912:		}
        -:  913:		else {
        -:  914:			//No Card to Reveal
        -:  915:			if (DEBUG) {
        -:  916:				printf("No cards to reveal\n");
        -:  917:			}
        -:  918:		}
        -:  919:	}
        -:  920:
        -:  921:	else {
      195:  922:		if (state->deckCount[nextPlayer] == 0) {
branch  0 taken 10% (fallthrough)
branch  1 taken 90%
       76:  923:			for (i = 0; i < state->discardCount[nextPlayer]; i++) {
branch  0 taken 75%
branch  1 taken 25% (fallthrough)
       57:  924:				state->deck[nextPlayer][i] = state->discard[nextPlayer][i];//Move to deck
       57:  925:				state->deckCount[nextPlayer]++;
       57:  926:				state->discard[nextPlayer][i] = -1;
       57:  927:				state->discardCount[nextPlayer]--;
        -:  928:			}
        -:  929:
       19:  930:			shuffle(nextPlayer, state);//Shuffle the deck
call    0 returned 100%
        -:  931:		}
      195:  932:		tributeRevealedCards[0] = state->deck[nextPlayer][state->deckCount[nextPlayer] - 1];
      195:  933:		state->deck[nextPlayer][state->deckCount[nextPlayer]--] = -1;
      195:  934:		state->deckCount[nextPlayer]--;
      195:  935:		tributeRevealedCards[1] = state->deck[nextPlayer][state->deckCount[nextPlayer] - 1];
      195:  936:		state->deck[nextPlayer][state->deckCount[nextPlayer]--] = -1;
      195:  937:		state->deckCount[nextPlayer]--;
        -:  938:	}
        -:  939:
      200:  940:	if (tributeRevealedCards[0] == tributeRevealedCards[1]) { //If we have a duplicate card, just drop one
branch  0 taken 3% (fallthrough)
branch  1 taken 97%
        6:  941:		state->playedCards[state->playedCardCount] = tributeRevealedCards[1];
        6:  942:		state->playedCardCount++;
        6:  943:		tributeRevealedCards[1] = -1;
        -:  944:	}
        -:  945:
      800:  946:	for (i = 0; i <= 2; i++) {
branch  0 taken 75%
branch  1 taken 25% (fallthrough)
      600:  947:		if (tributeRevealedCards[i] == copper || tributeRevealedCards[i] == silver || tributeRevealedCards[i] == gold) { //Treasure cards
branch  0 taken 97% (fallthrough)
branch  1 taken 3%
branch  2 taken 97% (fallthrough)
branch  3 taken 3%
branch  4 taken 3% (fallthrough)
branch  5 taken 97%
       54:  948:			state->coins -= 2;
        -:  949:		}
        -:  950:
      546:  951:		else if (tributeRevealedCards[i] == estate || tributeRevealedCards[i] == duchy || tributeRevealedCards[i] == province || tributeRevealedCards[i] == gardens || tributeRevealedCards[i] == great_hall) { //Victory Card Found
branch  0 taken 96% (fallthrough)
branch  1 taken 4%
branch  2 taken 96% (fallthrough)
branch  3 taken 4%
branch  4 taken 96% (fallthrough)
branch  5 taken 4%
branch  6 taken 96% (fallthrough)
branch  7 taken 4%
branch  8 taken 7% (fallthrough)
branch  9 taken 93%
      119:  952:			drawCard(currentPlayer, state);
call    0 returned 100%
      119:  953:			drawCard(currentPlayer, state);
call    0 returned 100%
        -:  954:		}
        -:  955:		else { //Action Card
      427:  956:			state->numActions = state->numActions + 2;
        -:  957:		}
        -:  958:	}
        -:  959:
      200:  960:	return 0;
        -:  961:
        -:  962:}
        -:  963:
function cardEffect called 0 returned 0% blocks executed 0%
    #####:  964:int cardEffect(int card, int choice1, int choice2, int choice3, struct gameState *state, int handPos, int *bonus)
        -:  965:{
        -:  966:    int i;
        -:  967:    int j;
        -:  968:    int k;
        -:  969:    int x;
        -:  970:    int index;
    #####:  971:    int currentPlayer = whoseTurn(state);
call    0 never executed
    #####:  972:    int nextPlayer = currentPlayer + 1;
        -:  973:
    #####:  974:    int tributeRevealedCards[2] = {-1, -1};
        -:  975:    int temphand[MAX_HAND];// moved above the if statement
    #####:  976:    int drawntreasure=0;
        -:  977:    int cardDrawn;
    #####:  978:    int z = 0;// this is the counter for the temp hand
    #####:  979:    if (nextPlayer > (state->numPlayers - 1)) {
branch  0 never executed
branch  1 never executed
    #####:  980:        nextPlayer = 0;
        -:  981:    }
        -:  982:
        -:  983:
        -:  984:    //uses switch to select card and perform actions
    #####:  985:    switch( card )
branch  0 never executed
branch  1 never executed
branch  2 never executed
branch  3 never executed
branch  4 never executed
branch  5 never executed
branch  6 never executed
branch  7 never executed
branch  8 never executed
branch  9 never executed
branch 10 never executed
branch 11 never executed
branch 12 never executed
branch 13 never executed
branch 14 never executed
branch 15 never executed
branch 16 never executed
branch 17 never executed
branch 18 never executed
branch 19 never executed
branch 20 never executed
        -:  986:    {
    #####:  987:    case adventurer:
    #####:  988:        while(drawntreasure<2) {
branch  0 never executed
branch  1 never executed
    #####:  989:            if (state->deckCount[currentPlayer] <1) { //if the deck is empty we need to shuffle discard and add to deck
branch  0 never executed
branch  1 never executed
    #####:  990:                shuffle(currentPlayer, state);
call    0 never executed
        -:  991:            }
    #####:  992:            drawCard(currentPlayer, state);
call    0 never executed
    #####:  993:            cardDrawn = state->hand[currentPlayer][state->handCount[currentPlayer]-1];//top card of hand is most recently drawn card.
    #####:  994:            if (cardDrawn == copper || cardDrawn == silver || cardDrawn == gold)
branch  0 never executed
branch  1 never executed
branch  2 never executed
branch  3 never executed
branch  4 never executed
branch  5 never executed
    #####:  995:                drawntreasure++;
        -:  996:            else {
    #####:  997:                temphand[z]=cardDrawn;
    #####:  998:                state->handCount[currentPlayer]--; //this should just remove the top card (the most recently drawn one).
    #####:  999:                z++;
        -: 1000:            }
        -: 1001:        }
    #####: 1002:        while(z-1>=0) {
branch  0 never executed
branch  1 never executed
    #####: 1003:            state->discard[currentPlayer][state->discardCount[currentPlayer]++]=temphand[z-1]; // discard all cards in play that have been drawn
    #####: 1004:            z=z-1;
        -: 1005:        }
    #####: 1006:        return 0;
        -: 1007:
    #####: 1008:    case council_room:
        -: 1009:        //+4 Cards
    #####: 1010:        for (i = 0; i < 4; i++)
branch  0 never executed
branch  1 never executed
        -: 1011:        {
    #####: 1012:            drawCard(currentPlayer, state);
call    0 never executed
        -: 1013:        }
        -: 1014:
        -: 1015:        //+1 Buy
    #####: 1016:        state->numBuys++;
        -: 1017:
        -: 1018:        //Each other player draws a card
    #####: 1019:        for (i = 0; i < state->numPlayers; i++)
branch  0 never executed
branch  1 never executed
        -: 1020:        {
    #####: 1021:            if ( i != currentPlayer )
branch  0 never executed
branch  1 never executed
        -: 1022:            {
    #####: 1023:                drawCard(i, state);
call    0 never executed
        -: 1024:            }
        -: 1025:        }
        -: 1026:
        -: 1027:        //put played card in played card pile
    #####: 1028:        discardCard(handPos, currentPlayer, state, 0);
call    0 never executed
        -: 1029:
    #####: 1030:        return 0;
        -: 1031:
    #####: 1032:    case feast:
        -: 1033:        //gain card with cost up to 5
        -: 1034:        //Backup hand
    #####: 1035:        for (i = 0; i <= state->handCount[currentPlayer]; i++) {
branch  0 never executed
branch  1 never executed
    #####: 1036:            temphand[i] = state->hand[currentPlayer][i];//Backup card
    #####: 1037:            state->hand[currentPlayer][i] = -1;//Set to nothing
        -: 1038:        }
        -: 1039:        //Backup hand
        -: 1040:
        -: 1041:        //Update Coins for Buy
    #####: 1042:        updateCoins(currentPlayer, state, 5);
call    0 never executed
    #####: 1043:        x = 1;//Condition to loop on
    #####: 1044:        while( x == 1) {//Buy one card
branch  0 never executed
branch  1 never executed
    #####: 1045:            if (supplyCount(choice1, state) <= 0) {
call    0 never executed
branch  1 never executed
branch  2 never executed
        -: 1046:                if (DEBUG)
        -: 1047:                    printf("None of that card left, sorry!\n");
        -: 1048:
        -: 1049:                if (DEBUG) {
        -: 1050:                    printf("Cards Left: %d\n", supplyCount(choice1, state));
        -: 1051:                }
        -: 1052:            }
    #####: 1053:            else if (state->coins < getCost(choice1)) {
call    0 never executed
branch  1 never executed
branch  2 never executed
    #####: 1054:                printf("That card is too expensive!\n");
call    0 never executed
        -: 1055:
        -: 1056:                if (DEBUG) {
        -: 1057:                    printf("Coins: %d < %d\n", state->coins, getCost(choice1));
        -: 1058:                }
        -: 1059:            }
        -: 1060:            else {
        -: 1061:
        -: 1062:                if (DEBUG) {
        -: 1063:                    printf("Deck Count: %d\n", state->handCount[currentPlayer] + state->deckCount[currentPlayer] + state->discardCount[currentPlayer]);
        -: 1064:                }
        -: 1065:
    #####: 1066:                gainCard(choice1, state, 0, currentPlayer);//Gain the card
call    0 never executed
    #####: 1067:                x = 0;//No more buying cards
        -: 1068:
        -: 1069:                if (DEBUG) {
        -: 1070:                    printf("Deck Count: %d\n", state->handCount[currentPlayer] + state->deckCount[currentPlayer] + state->discardCount[currentPlayer]);
        -: 1071:                }
        -: 1072:
        -: 1073:            }
        -: 1074:        }
        -: 1075:
        -: 1076:        //Reset Hand
    #####: 1077:        for (i = 0; i <= state->handCount[currentPlayer]; i++) {
branch  0 never executed
branch  1 never executed
    #####: 1078:            state->hand[currentPlayer][i] = temphand[i];
    #####: 1079:            temphand[i] = -1;
        -: 1080:        }
        -: 1081:        //Reset Hand
        -: 1082:
    #####: 1083:        return 0;
        -: 1084:
    #####: 1085:    case gardens:
    #####: 1086:        return -1;
        -: 1087:
    #####: 1088:    case mine:
    #####: 1089:    	 mineEffect(choice1, choice2, currentPlayer, state, handPos);
call    0 never executed
    #####: 1090:	case remodel:
    #####: 1091:        j = state->hand[currentPlayer][choice1];  //store card we will trash
        -: 1092:
    #####: 1093:        if ( (getCost(state->hand[currentPlayer][choice1]) + 2) > getCost(choice2) )
call    0 never executed
call    1 never executed
branch  2 never executed
branch  3 never executed
        -: 1094:        {
    #####: 1095:            return -1;
        -: 1096:        }
        -: 1097:
    #####: 1098:        gainCard(choice2, state, 0, currentPlayer);
call    0 never executed
        -: 1099:
        -: 1100:        //discard card from hand
    #####: 1101:        discardCard(handPos, currentPlayer, state, 0);
call    0 never executed
        -: 1102:
        -: 1103:        //discard trashed card
    #####: 1104:        for (i = 0; i < state->handCount[currentPlayer]; i++)
branch  0 never executed
branch  1 never executed
        -: 1105:        {
    #####: 1106:            if (state->hand[currentPlayer][i] == j)
branch  0 never executed
branch  1 never executed
        -: 1107:            {
    #####: 1108:                discardCard(i, currentPlayer, state, 0);
call    0 never executed
    #####: 1109:                break;
        -: 1110:            }
        -: 1111:        }
        -: 1112:
        -: 1113:
    #####: 1114:        return 0;
        -: 1115:
    #####: 1116:    case smithy:
        -: 1117:        //+3 Cards
    #####: 1118:        for (i = 0; i < 3; i++)
branch  0 never executed
branch  1 never executed
        -: 1119:        {
    #####: 1120:            drawCard(currentPlayer, state);
call    0 never executed
        -: 1121:        }
        -: 1122:
        -: 1123:        //discard card from hand
    #####: 1124:        discardCard(handPos, currentPlayer, state, 0);
call    0 never executed
    #####: 1125:        return 0;
        -: 1126:
    #####: 1127:    case village:
        -: 1128:        //+1 Card
    #####: 1129:        drawCard(currentPlayer, state);
call    0 never executed
        -: 1130:
        -: 1131:        //+2 Actions
    #####: 1132:        state->numActions = state->numActions + 2;
        -: 1133:
        -: 1134:        //discard played card from hand
    #####: 1135:        discardCard(handPos, currentPlayer, state, 0);
call    0 never executed
    #####: 1136:        return 0;
        -: 1137:
    #####: 1138:    case baron:
    #####: 1139:		baronCardEffect(choice1, currentPlayer, state);
call    0 never executed
        -: 1140:   
    #####: 1141:   case great_hall:
        -: 1142:        //+1 Card
    #####: 1143:        drawCard(currentPlayer, state);
call    0 never executed
        -: 1144:
        -: 1145:        //+1 Actions
    #####: 1146:        state->numActions++;
        -: 1147:
        -: 1148:        //discard card from hand
    #####: 1149:        discardCard(handPos, currentPlayer, state, 0);
call    0 never executed
    #####: 1150:        return 0;
        -: 1151:
    #####: 1152:    case minion:
    #####: 1153:       minionEffect(choice1, choice2, currentPlayer, state, handPos);
call    0 never executed
        -: 1154:	
    #####: 1155:	case steward:
    #####: 1156:        if (choice1 == 1)
branch  0 never executed
branch  1 never executed
        -: 1157:        {
        -: 1158:            //+2 cards
    #####: 1159:            drawCard(currentPlayer, state);
call    0 never executed
    #####: 1160:            drawCard(currentPlayer, state);
call    0 never executed
        -: 1161:        }
    #####: 1162:        else if (choice1 == 2)
branch  0 never executed
branch  1 never executed
        -: 1163:        {
        -: 1164:            //+2 coins
    #####: 1165:            state->coins = state->coins + 2;
        -: 1166:        }
        -: 1167:        else
        -: 1168:        {
        -: 1169:            //trash 2 cards in hand
    #####: 1170:            discardCard(choice2, currentPlayer, state, 1);
call    0 never executed
    #####: 1171:            discardCard(choice3, currentPlayer, state, 1);
call    0 never executed
        -: 1172:        }
        -: 1173:
        -: 1174:        //discard card from hand
    #####: 1175:        discardCard(handPos, currentPlayer, state, 0);
call    0 never executed
    #####: 1176:        return 0;
        -: 1177:
    #####: 1178:    case tribute:
    #####: 1179:		return(tributeEffect(currentPlayer, nextPlayer, state));
call    0 never executed
    #####: 1180:     case ambassador:
    #####: 1181:     	 ambassadorEffect(choice1,choice2,currentPlayer,state, handPos); 
call    0 never executed
    #####: 1182:	 case cutpurse:
        -: 1183:
    #####: 1184:        updateCoins(currentPlayer, state, 2);
call    0 never executed
    #####: 1185:        for (i = 0; i < state->numPlayers; i++)
branch  0 never executed
branch  1 never executed
        -: 1186:        {
    #####: 1187:            if (i != currentPlayer)
branch  0 never executed
branch  1 never executed
        -: 1188:            {
    #####: 1189:                for (j = 0; j < state->handCount[i]; j++)
branch  0 never executed
branch  1 never executed
        -: 1190:                {
    #####: 1191:                    if (state->hand[i][j] == copper)
branch  0 never executed
branch  1 never executed
        -: 1192:                    {
    #####: 1193:                        discardCard(j, i, state, 0);
call    0 never executed
    #####: 1194:                        break;
        -: 1195:                    }
    #####: 1196:                    if (j == state->handCount[i])
branch  0 never executed
branch  1 never executed
        -: 1197:                    {
    #####: 1198:                        for (k = 0; k < state->handCount[i]; k++)
branch  0 never executed
branch  1 never executed
        -: 1199:                        {
        -: 1200:                            if (DEBUG)
        -: 1201:                                printf("Player %d reveals card number %d\n", i, state->hand[i][k]);
        -: 1202:                        }
    #####: 1203:                        break;
        -: 1204:                    }
        -: 1205:                }
        -: 1206:
        -: 1207:            }
        -: 1208:
        -: 1209:        }
        -: 1210:
        -: 1211:        //discard played card from hand
    #####: 1212:        discardCard(handPos, currentPlayer, state, 0);
call    0 never executed
        -: 1213:
    #####: 1214:        return 0;
        -: 1215:
        -: 1216:
    #####: 1217:    case embargo:
        -: 1218:        //+2 Coins
    #####: 1219:        state->coins = state->coins + 2;
        -: 1220:
        -: 1221:        //see if selected pile is in play
    #####: 1222:        if ( state->supplyCount[choice1] == -1 )
branch  0 never executed
branch  1 never executed
        -: 1223:        {
    #####: 1224:            return -1;
        -: 1225:        }
        -: 1226:
        -: 1227:        //add embargo token to selected supply pile
    #####: 1228:        state->embargoTokens[choice1]++;
        -: 1229:
        -: 1230:        //trash card
    #####: 1231:        discardCard(handPos, currentPlayer, state, 1);
call    0 never executed
    #####: 1232:        return 0;
        -: 1233:
    #####: 1234:    case outpost:
        -: 1235:        //set outpost flag
    #####: 1236:        state->outpostPlayed++;
        -: 1237:
        -: 1238:        //discard card
    #####: 1239:        discardCard(handPos, currentPlayer, state, 0);
call    0 never executed
    #####: 1240:        return 0;
        -: 1241:
    #####: 1242:    case salvager:
        -: 1243:        //+1 buy
    #####: 1244:        state->numBuys++;
        -: 1245:
    #####: 1246:        if (choice1)
branch  0 never executed
branch  1 never executed
        -: 1247:        {
        -: 1248:            //gain coins equal to trashed card
    #####: 1249:            state->coins = state->coins + getCost( handCard(choice1, state) );
call    0 never executed
call    1 never executed
        -: 1250:            //trash card
    #####: 1251:            discardCard(choice1, currentPlayer, state, 1);
call    0 never executed
        -: 1252:        }
        -: 1253:
        -: 1254:        //discard card
    #####: 1255:        discardCard(handPos, currentPlayer, state, 0);
call    0 never executed
    #####: 1256:        return 0;
        -: 1257:
    #####: 1258:    case sea_hag:
    #####: 1259:        for (i = 0; i < state->numPlayers; i++) {
branch  0 never executed
branch  1 never executed
    #####: 1260:            if (i != currentPlayer) {
branch  0 never executed
branch  1 never executed
    #####: 1261:                state->discard[i][state->discardCount[i]] = state->deck[i][state->deckCount[i]--];
    #####: 1262:                state->deckCount[i]--;
    #####: 1263:                state->discardCount[i]++;
    #####: 1264:                state->deck[i][state->deckCount[i]--] = curse;//Top card now a curse
        -: 1265:            }
        -: 1266:        }
    #####: 1267:        return 0;
        -: 1268:
    #####: 1269:    case treasure_map:
        -: 1270:        //search hand for another treasure_map
    #####: 1271:        index = -1;
    #####: 1272:        for (i = 0; i < state->handCount[currentPlayer]; i++)
branch  0 never executed
branch  1 never executed
        -: 1273:        {
    #####: 1274:            if (state->hand[currentPlayer][i] == treasure_map && i != handPos)
branch  0 never executed
branch  1 never executed
branch  2 never executed
branch  3 never executed
        -: 1275:            {
    #####: 1276:                index = i;
    #####: 1277:                break;
        -: 1278:            }
        -: 1279:        }
    #####: 1280:        if (index > -1)
branch  0 never executed
branch  1 never executed
        -: 1281:        {
        -: 1282:            //trash both treasure cards
    #####: 1283:            discardCard(handPos, currentPlayer, state, 1);
call    0 never executed
    #####: 1284:            discardCard(index, currentPlayer, state, 1);
call    0 never executed
        -: 1285:
        -: 1286:            //gain 4 Gold cards
    #####: 1287:            for (i = 0; i < 4; i++)
branch  0 never executed
branch  1 never executed
        -: 1288:            {
    #####: 1289:                gainCard(gold, state, 1, currentPlayer);
call    0 never executed
        -: 1290:            }
        -: 1291:
        -: 1292:            //return success
    #####: 1293:            return 1;
        -: 1294:        }
        -: 1295:
        -: 1296:        //no second treasure_map found in hand
    #####: 1297:        return -1;
        -: 1298:    }
        -: 1299:
    #####: 1300:    return -1;
        -: 1301:}
        -: 1302:
function discardCard called 977 returned 100% blocks executed 89%
      977: 1303:int discardCard(int handPos, int currentPlayer, struct gameState *state, int trashFlag)
        -: 1304:{
        -: 1305:
        -: 1306:    //if card is not trashed, added to Played pile
      977: 1307:    if (trashFlag < 1)
branch  0 taken 100% (fallthrough)
branch  1 taken 0%
        -: 1308:    {
        -: 1309:        //add card to played pile
      977: 1310:        state->playedCards[state->playedCardCount] = state->hand[currentPlayer][handPos];
      977: 1311:        state->playedCardCount++;
        -: 1312:    }
        -: 1313:
        -: 1314:    //set played card to -1
      977: 1315:    state->hand[currentPlayer][handPos] = -1;
        -: 1316:
        -: 1317:    //remove card from player's hand
      977: 1318:    if ( handPos == (state->handCount[currentPlayer] - 1) ) 	//last card in hand array is played
branch  0 taken 16% (fallthrough)
branch  1 taken 84%
        -: 1319:    {
        -: 1320:        //reduce number of cards in hand
      154: 1321:        state->handCount[currentPlayer]--;
        -: 1322:    }
      823: 1323:    else if ( state->handCount[currentPlayer] == 1 ) //only one card in hand
branch  0 taken 0% (fallthrough)
branch  1 taken 100%
        -: 1324:    {
        -: 1325:        //reduce number of cards in hand
    #####: 1326:        state->handCount[currentPlayer]--;
        -: 1327:    }
        -: 1328:    else
        -: 1329:    {
        -: 1330:        //replace discarded card with last card in hand
      823: 1331:        state->hand[currentPlayer][handPos] = state->hand[currentPlayer][ (state->handCount[currentPlayer] - 1)];
        -: 1332:        //set last card to -1
      823: 1333:        state->hand[currentPlayer][state->handCount[currentPlayer] - 1] = -1;
        -: 1334:        //reduce number of cards in hand
      823: 1335:        state->handCount[currentPlayer]--;
        -: 1336:    }
        -: 1337:
      977: 1338:    return 0;
        -: 1339:}
        -: 1340:
function gainCard called 67 returned 100% blocks executed 70%
       67: 1341:int gainCard(int supplyPos, struct gameState *state, int toFlag, int player)
        -: 1342:{
        -: 1343:    //Note: supplyPos is enum of choosen card
        -: 1344:
        -: 1345:    //check if supply pile is empty (0) or card is not used in game (-1)
       67: 1346:    if ( supplyCount(supplyPos, state) < 1 )
call    0 returned 100%
branch  1 taken 0% (fallthrough)
branch  2 taken 100%
        -: 1347:    {
    #####: 1348:        return -1;
        -: 1349:    }
        -: 1350:
        -: 1351:    //added card for [whoseTurn] current player:
        -: 1352:    // toFlag = 0 : add to discard
        -: 1353:    // toFlag = 1 : add to deck
        -: 1354:    // toFlag = 2 : add to hand
        -: 1355:
       67: 1356:    if (toFlag == 1)
branch  0 taken 0% (fallthrough)
branch  1 taken 100%
        -: 1357:    {
    #####: 1358:        state->deck[ player ][ state->deckCount[player] ] = supplyPos;
    #####: 1359:        state->deckCount[player]++;
        -: 1360:    }
       67: 1361:    else if (toFlag == 2)
branch  0 taken 0% (fallthrough)
branch  1 taken 100%
        -: 1362:    {
    #####: 1363:        state->hand[ player ][ state->handCount[player] ] = supplyPos;
    #####: 1364:        state->handCount[player]++;
        -: 1365:    }
        -: 1366:    else
        -: 1367:    {
       67: 1368:        state->discard[player][ state->discardCount[player] ] = supplyPos;
       67: 1369:        state->discardCount[player]++;
        -: 1370:    }
        -: 1371:
        -: 1372:    //decrease number in supply pile
       67: 1373:    state->supplyCount[supplyPos]--;
        -: 1374:
       67: 1375:    return 0;
        -: 1376:}
        -: 1377:
function updateCoins called 600 returned 100% blocks executed 82%
      600: 1378:int updateCoins(int player, struct gameState *state, int bonus)
        -: 1379:{
        -: 1380:    int i;
        -: 1381:
        -: 1382:    //reset coin count
      600: 1383:    state->coins = 0;
        -: 1384:
        -: 1385:    //add coins for each Treasure card in player's hand
     3600: 1386:    for (i = 0; i < state->handCount[player]; i++)
branch  0 taken 83%
branch  1 taken 17% (fallthrough)
        -: 1387:    {
     3000: 1388:        if (state->hand[player][i] == copper)
branch  0 taken 40% (fallthrough)
branch  1 taken 60%
        -: 1389:        {
     1200: 1390:            state->coins += 1;
        -: 1391:        }
     1800: 1392:        else if (state->hand[player][i] == silver)
branch  0 taken 0% (fallthrough)
branch  1 taken 100%
        -: 1393:        {
    #####: 1394:            state->coins += 2;
        -: 1395:        }
     1800: 1396:        else if (state->hand[player][i] == gold)
branch  0 taken 0% (fallthrough)
branch  1 taken 100%
        -: 1397:        {
    #####: 1398:            state->coins += 3;
        -: 1399:        }
        -: 1400:    }
        -: 1401:
        -: 1402:    //add bonus
      600: 1403:    state->coins += bonus;
        -: 1404:
      600: 1405:    return 0;
        -: 1406:}
        -: 1407:
        -: 1408:
        -: 1409://end of dominion.c
        -: 1410:
